<?xml version="1.0" encoding="UTF-8"?>
<!-- Generated by org.testng.reporters.JUnitReportReporter -->
<testsuite hostname="INLEN8520066240" failures="0" tests="1" name="cucumberOptions.TestNGTestRunner" time="5.226" errors="1" timestamp="2025-01-20T15:07:54 IST" skipped="0">
  <testcase classname="cucumberOptions.TestNGTestRunner" name="runScenario" time="5.226">
    <error message="Keys to send should be a not null CharSequence" type="java.lang.IllegalArgumentException">
      <![CDATA[java.lang.IllegalArgumentException: Keys to send should be a not null CharSequence
at org.openqa.selenium.remote.RemoteWebElement.sendKeys(RemoteWebElement.java:96)
at pageObjects.RegistrationPage.fillRegistrationForm(RegistrationPage.java:42)
at stepDefinitions.RegistrationStepDefinition.user_enters_all_the_valid_inputs(RegistrationStepDefinition.java:72)
at âœ½.User enters all the valid inputs(file:///C:/Users/pbatale/Downloads/CucumberFramework/CucumberFramework/src/test/java/features/Registration.feature:6)
]]>
    </error>
  </testcase> <!-- runScenario -->
  <system-out/>
</testsuite> <!-- cucumberOptions.TestNGTestRunner -->
